2020-05-13 10:55:08.430  INFO 104648 --- [main] com.boot.pp25.BootCrudApplication        : Starting BootCrudApplication on DESKTOP-8SGJBKD with PID 104648 (C:\Users\pc\Desktop\JM\PreProject_Spring\PPSpring_3.1.2\target\classes started by pc in C:\Users\pc\Desktop\JM\PreProject_Spring\PPSpring_3.1.2)
2020-05-13 10:55:08.444  INFO 104648 --- [main] com.boot.pp25.BootCrudApplication        : No active profile set, falling back to default profiles: default
2020-05-13 10:55:10.640  INFO 104648 --- [main] .s.d.r.c.RepositoryConfigurationDelegate : Bootstrapping Spring Data JPA repositories in DEFAULT mode.
2020-05-13 10:55:10.694  INFO 104648 --- [main] .s.d.r.c.RepositoryConfigurationDelegate : Finished Spring Data repository scanning in 32ms. Found 0 JPA repository interfaces.
2020-05-13 10:55:11.991  INFO 104648 --- [main] o.s.b.w.embedded.tomcat.TomcatWebServer  : Tomcat initialized with port(s): 8080 (http)
2020-05-13 10:55:12.001  INFO 104648 --- [main] o.apache.catalina.core.StandardService   : Starting service [Tomcat]
2020-05-13 10:55:12.002  INFO 104648 --- [main] org.apache.catalina.core.StandardEngine  : Starting Servlet engine: [Apache Tomcat/9.0.33]
2020-05-13 10:55:12.279  INFO 104648 --- [main] o.a.c.c.C.[Tomcat].[localhost].[/]       : Initializing Spring embedded WebApplicationContext
2020-05-13 10:55:12.280  INFO 104648 --- [main] o.s.web.context.ContextLoader            : Root WebApplicationContext: initialization completed in 3580 ms
2020-05-13 10:55:12.687  INFO 104648 --- [main] o.hibernate.jpa.internal.util.LogHelper  : HHH000204: Processing PersistenceUnitInfo [name: default]
2020-05-13 10:55:12.795  INFO 104648 --- [main] org.hibernate.Version                    : HHH000412: Hibernate ORM core version 5.4.12.Final
2020-05-13 10:55:13.074  INFO 104648 --- [main] o.hibernate.annotations.common.Version   : HCANN000001: Hibernate Commons Annotations {5.1.0.Final}
2020-05-13 10:55:13.234  INFO 104648 --- [main] com.zaxxer.hikari.HikariDataSource       : HikariPool-1 - Starting...
2020-05-13 10:55:16.043  INFO 104648 --- [main] com.zaxxer.hikari.HikariDataSource       : HikariPool-1 - Start completed.
2020-05-13 10:55:16.125  INFO 104648 --- [main] org.hibernate.dialect.Dialect            : HHH000400: Using dialect: org.hibernate.dialect.MySQL5Dialect
2020-05-13 10:55:21.119  INFO 104648 --- [main] o.h.e.t.j.p.i.JtaPlatformInitiator       : HHH000490: Using JtaPlatform implementation: [org.hibernate.engine.transaction.jta.platform.internal.NoJtaPlatform]
2020-05-13 10:55:21.156  INFO 104648 --- [main] j.LocalContainerEntityManagerFactoryBean : Initialized JPA EntityManagerFactory for persistence unit 'default'
2020-05-13 10:55:21.375  WARN 104648 --- [main] JpaBaseConfiguration$JpaWebConfiguration : spring.jpa.open-in-view is enabled by default. Therefore, database queries may be performed during view rendering. Explicitly configure spring.jpa.open-in-view to disable this warning
2020-05-13 10:55:21.695  INFO 104648 --- [main] o.s.s.web.DefaultSecurityFilterChain     : Creating filter chain: Ant [pattern='/resources/**'], []
2020-05-13 10:55:21.696  INFO 104648 --- [main] o.s.s.web.DefaultSecurityFilterChain     : Creating filter chain: any request, []
2020-05-13 10:55:21.744  INFO 104648 --- [main] o.s.s.web.DefaultSecurityFilterChain     : Creating filter chain: any request, [org.springframework.security.web.context.request.async.WebAsyncManagerIntegrationFilter@5abb7a8f, org.springframework.security.web.context.SecurityContextPersistenceFilter@6dcee890, org.springframework.security.web.header.HeaderWriterFilter@51c008fd, org.springframework.security.web.authentication.logout.LogoutFilter@20fa5277, org.springframework.security.web.authentication.UsernamePasswordAuthenticationFilter@17a7d6c8, org.springframework.security.web.savedrequest.RequestCacheAwareFilter@13d5606c, org.springframework.security.web.servletapi.SecurityContextHolderAwareRequestFilter@756200d1, org.springframework.security.web.authentication.AnonymousAuthenticationFilter@6684589a, org.springframework.security.web.session.SessionManagementFilter@22f80e36, org.springframework.security.web.access.ExceptionTranslationFilter@1df9f7c6, org.springframework.security.web.access.intercept.FilterSecurityInterceptor@983050b]
2020-05-13 10:55:22.024  INFO 104648 --- [main] o.s.s.concurrent.ThreadPoolTaskExecutor  : Initializing ExecutorService 'applicationTaskExecutor'
2020-05-13 10:55:22.534  INFO 104648 --- [main] o.s.b.w.embedded.tomcat.TomcatWebServer  : Tomcat started on port(s): 8080 (http) with context path ''
2020-05-13 10:55:22.538  INFO 104648 --- [main] com.boot.pp25.BootCrudApplication        : Started BootCrudApplication in 19.86 seconds (JVM running for 25.231)
2020-05-13 10:55:28.634  INFO 104648 --- [http-nio-8080-exec-1] o.a.c.c.C.[Tomcat].[localhost].[/]       : Initializing Spring DispatcherServlet 'dispatcherServlet'
2020-05-13 10:55:28.635  INFO 104648 --- [http-nio-8080-exec-1] o.s.web.servlet.DispatcherServlet        : Initializing Servlet 'dispatcherServlet'
2020-05-13 10:55:28.657  INFO 104648 --- [http-nio-8080-exec-1] o.s.web.servlet.DispatcherServlet        : Completed initialization in 22 ms
2020-05-13 10:55:31.777  WARN 104648 --- [http-nio-8080-exec-5] .w.s.m.s.DefaultHandlerExceptionResolver : Resolved [org.springframework.web.HttpRequestMethodNotSupportedException: Request method 'POST' not supported]
2020-05-13 10:55:46.293  WARN 104648 --- [http-nio-8080-exec-6] .w.s.m.s.DefaultHandlerExceptionResolver : Resolved [org.springframework.web.HttpRequestMethodNotSupportedException: Request method 'POST' not supported]
2020-05-13 10:56:35.328  WARN 104648 --- [http-nio-8080-exec-1] .w.s.m.s.DefaultHandlerExceptionResolver : Resolved [org.springframework.web.HttpRequestMethodNotSupportedException: Request method 'POST' not supported]
2020-05-13 10:56:42.850  INFO 98912 --- [main] com.boot.pp25.BootCrudApplication        : Starting BootCrudApplication on DESKTOP-8SGJBKD with PID 98912 (C:\Users\pc\Desktop\JM\PreProject_Spring\PPSpring_3.1.2\target\classes started by pc in C:\Users\pc\Desktop\JM\PreProject_Spring\PPSpring_3.1.2)
2020-05-13 10:56:42.854  INFO 98912 --- [main] com.boot.pp25.BootCrudApplication        : No active profile set, falling back to default profiles: default
2020-05-13 10:56:43.863  INFO 98912 --- [main] .s.d.r.c.RepositoryConfigurationDelegate : Bootstrapping Spring Data JPA repositories in DEFAULT mode.
2020-05-13 10:56:43.888  INFO 98912 --- [main] .s.d.r.c.RepositoryConfigurationDelegate : Finished Spring Data repository scanning in 18ms. Found 0 JPA repository interfaces.
2020-05-13 10:56:44.438  INFO 98912 --- [main] o.s.b.w.embedded.tomcat.TomcatWebServer  : Tomcat initialized with port(s): 8080 (http)
2020-05-13 10:56:44.447  INFO 98912 --- [main] o.apache.catalina.core.StandardService   : Starting service [Tomcat]
2020-05-13 10:56:44.447  INFO 98912 --- [main] org.apache.catalina.core.StandardEngine  : Starting Servlet engine: [Apache Tomcat/9.0.33]
2020-05-13 10:56:44.586  INFO 98912 --- [main] o.a.c.c.C.[Tomcat].[localhost].[/]       : Initializing Spring embedded WebApplicationContext
2020-05-13 10:56:44.587  INFO 98912 --- [main] o.s.web.context.ContextLoader            : Root WebApplicationContext: initialization completed in 1678 ms
2020-05-13 10:56:44.750  INFO 98912 --- [main] o.hibernate.jpa.internal.util.LogHelper  : HHH000204: Processing PersistenceUnitInfo [name: default]
2020-05-13 10:56:44.803  INFO 98912 --- [main] org.hibernate.Version                    : HHH000412: Hibernate ORM core version 5.4.12.Final
2020-05-13 10:56:44.902  INFO 98912 --- [main] o.hibernate.annotations.common.Version   : HCANN000001: Hibernate Commons Annotations {5.1.0.Final}
2020-05-13 10:56:44.981  INFO 98912 --- [main] com.zaxxer.hikari.HikariDataSource       : HikariPool-1 - Starting...
2020-05-13 10:56:45.337  INFO 98912 --- [main] com.zaxxer.hikari.HikariDataSource       : HikariPool-1 - Start completed.
2020-05-13 10:56:45.348  INFO 98912 --- [main] org.hibernate.dialect.Dialect            : HHH000400: Using dialect: org.hibernate.dialect.MySQL5Dialect
2020-05-13 10:56:46.805  INFO 98912 --- [main] o.h.e.t.j.p.i.JtaPlatformInitiator       : HHH000490: Using JtaPlatform implementation: [org.hibernate.engine.transaction.jta.platform.internal.NoJtaPlatform]
2020-05-13 10:56:46.812  INFO 98912 --- [main] j.LocalContainerEntityManagerFactoryBean : Initialized JPA EntityManagerFactory for persistence unit 'default'
2020-05-13 10:56:46.919  WARN 98912 --- [main] JpaBaseConfiguration$JpaWebConfiguration : spring.jpa.open-in-view is enabled by default. Therefore, database queries may be performed during view rendering. Explicitly configure spring.jpa.open-in-view to disable this warning
2020-05-13 10:56:47.062  INFO 98912 --- [main] o.s.s.web.DefaultSecurityFilterChain     : Creating filter chain: Ant [pattern='/resources/**'], []
2020-05-13 10:56:47.062  INFO 98912 --- [main] o.s.s.web.DefaultSecurityFilterChain     : Creating filter chain: any request, []
2020-05-13 10:56:47.094  INFO 98912 --- [main] o.s.s.web.DefaultSecurityFilterChain     : Creating filter chain: any request, [org.springframework.security.web.context.request.async.WebAsyncManagerIntegrationFilter@5a4b8e25, org.springframework.security.web.context.SecurityContextPersistenceFilter@3d02ff64, org.springframework.security.web.header.HeaderWriterFilter@67b3960b, org.springframework.security.web.authentication.logout.LogoutFilter@3dd591b9, org.springframework.security.web.authentication.UsernamePasswordAuthenticationFilter@538905d2, org.springframework.security.web.savedrequest.RequestCacheAwareFilter@7977f046, org.springframework.security.web.servletapi.SecurityContextHolderAwareRequestFilter@190bf8e4, org.springframework.security.web.authentication.AnonymousAuthenticationFilter@1013871e, org.springframework.security.web.session.SessionManagementFilter@19c1f6f4, org.springframework.security.web.access.ExceptionTranslationFilter@68360fb9, org.springframework.security.web.access.intercept.FilterSecurityInterceptor@194e78af]
2020-05-13 10:56:47.227  INFO 98912 --- [main] o.s.s.concurrent.ThreadPoolTaskExecutor  : Initializing ExecutorService 'applicationTaskExecutor'
2020-05-13 10:56:47.463  INFO 98912 --- [main] o.s.b.w.embedded.tomcat.TomcatWebServer  : Tomcat started on port(s): 8080 (http) with context path ''
2020-05-13 10:56:47.466  INFO 98912 --- [main] com.boot.pp25.BootCrudApplication        : Started BootCrudApplication in 5.042 seconds (JVM running for 5.997)
2020-05-13 10:56:50.001  INFO 98912 --- [http-nio-8080-exec-1] o.a.c.c.C.[Tomcat].[localhost].[/]       : Initializing Spring DispatcherServlet 'dispatcherServlet'
2020-05-13 10:56:50.002  INFO 98912 --- [http-nio-8080-exec-1] o.s.web.servlet.DispatcherServlet        : Initializing Servlet 'dispatcherServlet'
2020-05-13 10:56:50.012  INFO 98912 --- [http-nio-8080-exec-1] o.s.web.servlet.DispatcherServlet        : Completed initialization in 9 ms
2020-05-13 10:56:51.803  WARN 98912 --- [http-nio-8080-exec-3] .w.s.m.s.DefaultHandlerExceptionResolver : Resolved [org.springframework.web.HttpRequestMethodNotSupportedException: Request method 'POST' not supported]
2020-05-13 10:57:05.137  INFO 37240 --- [main] com.boot.pp25.BootCrudApplication        : Starting BootCrudApplication on DESKTOP-8SGJBKD with PID 37240 (C:\Users\pc\Desktop\JM\PreProject_Spring\PPSpring_3.1.2\target\classes started by pc in C:\Users\pc\Desktop\JM\PreProject_Spring\PPSpring_3.1.2)
2020-05-13 10:57:05.139  INFO 37240 --- [main] com.boot.pp25.BootCrudApplication        : No active profile set, falling back to default profiles: default
2020-05-13 10:57:07.299  INFO 37240 --- [main] .s.d.r.c.RepositoryConfigurationDelegate : Bootstrapping Spring Data JPA repositories in DEFAULT mode.
2020-05-13 10:57:07.347  INFO 37240 --- [main] .s.d.r.c.RepositoryConfigurationDelegate : Finished Spring Data repository scanning in 32ms. Found 0 JPA repository interfaces.
2020-05-13 10:57:08.080  INFO 37240 --- [main] o.s.b.w.embedded.tomcat.TomcatWebServer  : Tomcat initialized with port(s): 8080 (http)
2020-05-13 10:57:08.088  INFO 37240 --- [main] o.apache.catalina.core.StandardService   : Starting service [Tomcat]
2020-05-13 10:57:08.088  INFO 37240 --- [main] org.apache.catalina.core.StandardEngine  : Starting Servlet engine: [Apache Tomcat/9.0.33]
2020-05-13 10:57:08.222  INFO 37240 --- [main] o.a.c.c.C.[Tomcat].[localhost].[/]       : Initializing Spring embedded WebApplicationContext
2020-05-13 10:57:08.223  INFO 37240 --- [main] o.s.web.context.ContextLoader            : Root WebApplicationContext: initialization completed in 2895 ms
2020-05-13 10:57:08.372  INFO 37240 --- [main] o.hibernate.jpa.internal.util.LogHelper  : HHH000204: Processing PersistenceUnitInfo [name: default]
2020-05-13 10:57:08.441  INFO 37240 --- [main] org.hibernate.Version                    : HHH000412: Hibernate ORM core version 5.4.12.Final
2020-05-13 10:57:08.581  INFO 37240 --- [main] o.hibernate.annotations.common.Version   : HCANN000001: Hibernate Commons Annotations {5.1.0.Final}
2020-05-13 10:57:08.665  INFO 37240 --- [main] com.zaxxer.hikari.HikariDataSource       : HikariPool-1 - Starting...
2020-05-13 10:57:09.086  INFO 37240 --- [main] com.zaxxer.hikari.HikariDataSource       : HikariPool-1 - Start completed.
2020-05-13 10:57:09.097  INFO 37240 --- [main] org.hibernate.dialect.Dialect            : HHH000400: Using dialect: org.hibernate.dialect.MySQL5Dialect
2020-05-13 10:57:10.310  INFO 37240 --- [main] o.h.e.t.j.p.i.JtaPlatformInitiator       : HHH000490: Using JtaPlatform implementation: [org.hibernate.engine.transaction.jta.platform.internal.NoJtaPlatform]
2020-05-13 10:57:10.317  INFO 37240 --- [main] j.LocalContainerEntityManagerFactoryBean : Initialized JPA EntityManagerFactory for persistence unit 'default'
2020-05-13 10:57:10.428  WARN 37240 --- [main] JpaBaseConfiguration$JpaWebConfiguration : spring.jpa.open-in-view is enabled by default. Therefore, database queries may be performed during view rendering. Explicitly configure spring.jpa.open-in-view to disable this warning
2020-05-13 10:57:10.601  INFO 37240 --- [main] o.s.s.web.DefaultSecurityFilterChain     : Creating filter chain: any request, [org.springframework.security.web.context.request.async.WebAsyncManagerIntegrationFilter@5a4b8e25, org.springframework.security.web.context.SecurityContextPersistenceFilter@68360fb9, org.springframework.security.web.header.HeaderWriterFilter@43090195, org.springframework.security.web.authentication.logout.LogoutFilter@3412a3fd, org.springframework.security.web.authentication.UsernamePasswordAuthenticationFilter@36ecf9f6, org.springframework.security.web.savedrequest.RequestCacheAwareFilter@67b3960b, org.springframework.security.web.servletapi.SecurityContextHolderAwareRequestFilter@53079ae6, org.springframework.security.web.authentication.AnonymousAuthenticationFilter@1013871e, org.springframework.security.web.session.SessionManagementFilter@6fc28e5b, org.springframework.security.web.access.ExceptionTranslationFilter@4d0b7fd5, org.springframework.security.web.access.intercept.FilterSecurityInterceptor@7a021f49]
2020-05-13 10:57:10.733  INFO 37240 --- [main] o.s.s.concurrent.ThreadPoolTaskExecutor  : Initializing ExecutorService 'applicationTaskExecutor'
2020-05-13 10:57:10.966  INFO 37240 --- [main] o.s.b.w.embedded.tomcat.TomcatWebServer  : Tomcat started on port(s): 8080 (http) with context path ''
2020-05-13 10:57:10.969  INFO 37240 --- [main] com.boot.pp25.BootCrudApplication        : Started BootCrudApplication in 6.397 seconds (JVM running for 7.351)
2020-05-13 10:57:15.287  INFO 37240 --- [http-nio-8080-exec-1] o.a.c.c.C.[Tomcat].[localhost].[/]       : Initializing Spring DispatcherServlet 'dispatcherServlet'
2020-05-13 10:57:15.288  INFO 37240 --- [http-nio-8080-exec-1] o.s.web.servlet.DispatcherServlet        : Initializing Servlet 'dispatcherServlet'
2020-05-13 10:57:15.296  INFO 37240 --- [http-nio-8080-exec-1] o.s.web.servlet.DispatcherServlet        : Completed initialization in 8 ms
2020-05-13 12:07:54.991  INFO 61484 --- [main] com.boot.pp25.BootCrudApplication        : Starting BootCrudApplication on DESKTOP-8SGJBKD with PID 61484 (C:\Users\pc\Desktop\JM\PreProject_Spring\PPSpring_3.1.2\target\classes started by pc in C:\Users\pc\Desktop\JM\PreProject_Spring\PPSpring_3.1.2)
2020-05-13 12:07:55.005  INFO 61484 --- [main] com.boot.pp25.BootCrudApplication        : No active profile set, falling back to default profiles: default
2020-05-13 12:07:57.543  INFO 61484 --- [main] .s.d.r.c.RepositoryConfigurationDelegate : Bootstrapping Spring Data JPA repositories in DEFAULT mode.
2020-05-13 12:07:57.595  INFO 61484 --- [main] .s.d.r.c.RepositoryConfigurationDelegate : Finished Spring Data repository scanning in 41ms. Found 0 JPA repository interfaces.
2020-05-13 12:07:58.949  INFO 61484 --- [main] o.s.b.w.embedded.tomcat.TomcatWebServer  : Tomcat initialized with port(s): 8080 (http)
2020-05-13 12:07:58.959  INFO 61484 --- [main] o.apache.catalina.core.StandardService   : Starting service [Tomcat]
2020-05-13 12:07:58.960  INFO 61484 --- [main] org.apache.catalina.core.StandardEngine  : Starting Servlet engine: [Apache Tomcat/9.0.33]
2020-05-13 12:07:59.233  INFO 61484 --- [main] o.a.c.c.C.[Tomcat].[localhost].[/]       : Initializing Spring embedded WebApplicationContext
2020-05-13 12:07:59.235  INFO 61484 --- [main] o.s.web.context.ContextLoader            : Root WebApplicationContext: initialization completed in 4143 ms
2020-05-13 12:07:59.557  INFO 61484 --- [main] o.hibernate.jpa.internal.util.LogHelper  : HHH000204: Processing PersistenceUnitInfo [name: default]
2020-05-13 12:07:59.667  INFO 61484 --- [main] org.hibernate.Version                    : HHH000412: Hibernate ORM core version 5.4.12.Final
2020-05-13 12:07:59.886  INFO 61484 --- [main] o.hibernate.annotations.common.Version   : HCANN000001: Hibernate Commons Annotations {5.1.0.Final}
2020-05-13 12:08:00.008  INFO 61484 --- [main] com.zaxxer.hikari.HikariDataSource       : HikariPool-1 - Starting...
2020-05-13 12:08:01.049  INFO 61484 --- [main] com.zaxxer.hikari.HikariDataSource       : HikariPool-1 - Start completed.
2020-05-13 12:08:01.090  INFO 61484 --- [main] org.hibernate.dialect.Dialect            : HHH000400: Using dialect: org.hibernate.dialect.MySQL5Dialect
2020-05-13 12:08:03.434  INFO 61484 --- [main] o.h.e.t.j.p.i.JtaPlatformInitiator       : HHH000490: Using JtaPlatform implementation: [org.hibernate.engine.transaction.jta.platform.internal.NoJtaPlatform]
2020-05-13 12:08:03.473  INFO 61484 --- [main] j.LocalContainerEntityManagerFactoryBean : Initialized JPA EntityManagerFactory for persistence unit 'default'
2020-05-13 12:08:03.648  WARN 61484 --- [main] JpaBaseConfiguration$JpaWebConfiguration : spring.jpa.open-in-view is enabled by default. Therefore, database queries may be performed during view rendering. Explicitly configure spring.jpa.open-in-view to disable this warning
2020-05-13 12:08:03.898  INFO 61484 --- [main] o.s.s.web.DefaultSecurityFilterChain     : Creating filter chain: any request, [org.springframework.security.web.context.request.async.WebAsyncManagerIntegrationFilter@b671dda, org.springframework.security.web.context.SecurityContextPersistenceFilter@36ecf9f6, org.springframework.security.web.header.HeaderWriterFilter@493968a9, org.springframework.security.web.authentication.logout.LogoutFilter@4b5aa48b, org.springframework.security.web.authentication.UsernamePasswordAuthenticationFilter@51c008fd, org.springframework.security.web.savedrequest.RequestCacheAwareFilter@3bda1f0, org.springframework.security.web.servletapi.SecurityContextHolderAwareRequestFilter@625f5712, org.springframework.security.web.authentication.AnonymousAuthenticationFilter@25b20860, org.springframework.security.web.session.SessionManagementFilter@3c65f00e, org.springframework.security.web.access.ExceptionTranslationFilter@3dd66ff5, org.springframework.security.web.access.intercept.FilterSecurityInterceptor@608f310a]
2020-05-13 12:08:04.111  INFO 61484 --- [main] o.s.s.concurrent.ThreadPoolTaskExecutor  : Initializing ExecutorService 'applicationTaskExecutor'
2020-05-13 12:08:04.434  INFO 61484 --- [main] o.s.b.w.embedded.tomcat.TomcatWebServer  : Tomcat started on port(s): 8080 (http) with context path ''
2020-05-13 12:08:04.436  INFO 61484 --- [main] com.boot.pp25.BootCrudApplication        : Started BootCrudApplication in 11.14 seconds (JVM running for 14.151)
2020-05-13 12:11:26.861  INFO 61516 --- [main] com.boot.pp25.BootCrudApplication        : Starting BootCrudApplication on DESKTOP-8SGJBKD with PID 61516 (C:\Users\pc\Desktop\JM\PreProject_Spring\PPSpring_3.1.2\target\classes started by pc in C:\Users\pc\Desktop\JM\PreProject_Spring\PPSpring_3.1.2)
2020-05-13 12:11:26.864  INFO 61516 --- [main] com.boot.pp25.BootCrudApplication        : No active profile set, falling back to default profiles: default
2020-05-13 12:11:27.887  INFO 61516 --- [main] .s.d.r.c.RepositoryConfigurationDelegate : Bootstrapping Spring Data JPA repositories in DEFAULT mode.
2020-05-13 12:11:27.918  INFO 61516 --- [main] .s.d.r.c.RepositoryConfigurationDelegate : Finished Spring Data repository scanning in 23ms. Found 0 JPA repository interfaces.
2020-05-13 12:11:28.469  INFO 61516 --- [main] o.s.b.w.embedded.tomcat.TomcatWebServer  : Tomcat initialized with port(s): 8080 (http)
2020-05-13 12:11:28.478  INFO 61516 --- [main] o.apache.catalina.core.StandardService   : Starting service [Tomcat]
2020-05-13 12:11:28.479  INFO 61516 --- [main] org.apache.catalina.core.StandardEngine  : Starting Servlet engine: [Apache Tomcat/9.0.33]
2020-05-13 12:11:28.612  INFO 61516 --- [main] o.a.c.c.C.[Tomcat].[localhost].[/]       : Initializing Spring embedded WebApplicationContext
2020-05-13 12:11:28.613  INFO 61516 --- [main] o.s.web.context.ContextLoader            : Root WebApplicationContext: initialization completed in 1681 ms
2020-05-13 12:11:28.784  INFO 61516 --- [main] o.hibernate.jpa.internal.util.LogHelper  : HHH000204: Processing PersistenceUnitInfo [name: default]
2020-05-13 12:11:28.836  INFO 61516 --- [main] org.hibernate.Version                    : HHH000412: Hibernate ORM core version 5.4.12.Final
2020-05-13 12:11:28.927  INFO 61516 --- [main] o.hibernate.annotations.common.Version   : HCANN000001: Hibernate Commons Annotations {5.1.0.Final}
2020-05-13 12:11:29.003  INFO 61516 --- [main] com.zaxxer.hikari.HikariDataSource       : HikariPool-1 - Starting...
2020-05-13 12:11:29.378  INFO 61516 --- [main] com.zaxxer.hikari.HikariDataSource       : HikariPool-1 - Start completed.
2020-05-13 12:11:29.389  INFO 61516 --- [main] org.hibernate.dialect.Dialect            : HHH000400: Using dialect: org.hibernate.dialect.MySQL5Dialect
2020-05-13 12:11:30.663  INFO 61516 --- [main] o.h.e.t.j.p.i.JtaPlatformInitiator       : HHH000490: Using JtaPlatform implementation: [org.hibernate.engine.transaction.jta.platform.internal.NoJtaPlatform]
2020-05-13 12:11:30.669  INFO 61516 --- [main] j.LocalContainerEntityManagerFactoryBean : Initialized JPA EntityManagerFactory for persistence unit 'default'
2020-05-13 12:11:30.787  WARN 61516 --- [main] JpaBaseConfiguration$JpaWebConfiguration : spring.jpa.open-in-view is enabled by default. Therefore, database queries may be performed during view rendering. Explicitly configure spring.jpa.open-in-view to disable this warning
2020-05-13 12:11:30.955  INFO 61516 --- [main] o.s.s.web.DefaultSecurityFilterChain     : Creating filter chain: any request, [org.springframework.security.web.context.request.async.WebAsyncManagerIntegrationFilter@7337bd2e, org.springframework.security.web.context.SecurityContextPersistenceFilter@6f17dd06, org.springframework.security.web.header.HeaderWriterFilter@415262a0, org.springframework.security.web.authentication.logout.LogoutFilter@538905d2, org.springframework.security.web.authentication.UsernamePasswordAuthenticationFilter@7e8c58fd, org.springframework.security.web.savedrequest.RequestCacheAwareFilter@6ec98ccc, org.springframework.security.web.servletapi.SecurityContextHolderAwareRequestFilter@7a8b7e11, org.springframework.security.web.authentication.AnonymousAuthenticationFilter@4604e051, org.springframework.security.web.session.SessionManagementFilter@46fa2a7e, org.springframework.security.web.access.ExceptionTranslationFilter@1c787389, org.springframework.security.web.access.intercept.FilterSecurityInterceptor@4fe4503a]
2020-05-13 12:11:31.085  INFO 61516 --- [main] o.s.s.concurrent.ThreadPoolTaskExecutor  : Initializing ExecutorService 'applicationTaskExecutor'
2020-05-13 12:11:31.308  INFO 61516 --- [main] o.s.b.w.embedded.tomcat.TomcatWebServer  : Tomcat started on port(s): 8080 (http) with context path ''
2020-05-13 12:11:31.311  INFO 61516 --- [main] com.boot.pp25.BootCrudApplication        : Started BootCrudApplication in 4.923 seconds (JVM running for 5.779)
